2025-03-14 13:34:35,978 - INFO - Starting client tests (UDP=False, Bitrate=10M)...
2025-03-14 13:34:35,978 - INFO - Test 1/10
2025-03-14 13:34:46,838 - INFO - Test 1 Bandwidth: 423.57 Mbps
2025-03-14 13:34:46,838 - INFO - Test 2/10
2025-03-14 13:34:56,930 - INFO - Test 2 Bandwidth: 421.04 Mbps
2025-03-14 13:34:56,930 - INFO - Test 3/10
2025-03-14 13:35:07,026 - INFO - Test 3 Bandwidth: 424.40 Mbps
2025-03-14 13:35:07,026 - INFO - Test 4/10
2025-03-14 13:35:17,119 - INFO - Test 4 Bandwidth: 430.08 Mbps
2025-03-14 13:35:17,119 - INFO - Test 5/10
2025-03-14 13:35:27,212 - INFO - Test 5 Bandwidth: 414.27 Mbps
2025-03-14 13:35:27,212 - INFO - Test 6/10
2025-03-14 13:35:37,304 - INFO - Test 6 Bandwidth: 405.83 Mbps
2025-03-14 13:35:37,304 - INFO - Test 7/10
2025-03-14 13:35:47,400 - INFO - Test 7 Bandwidth: 415.73 Mbps
2025-03-14 13:35:47,400 - INFO - Test 8/10
2025-03-14 13:35:57,508 - INFO - Test 8 Bandwidth: 420.31 Mbps
2025-03-14 13:35:57,508 - INFO - Test 9/10
2025-03-14 13:36:07,607 - INFO - Test 9 Bandwidth: 411.60 Mbps
2025-03-14 13:36:07,607 - INFO - Test 10/10
2025-03-14 13:36:17,715 - INFO - Test 10 Bandwidth: 412.86 Mbps
2025-03-14 13:36:17,716 - INFO - 
=== Statistics ===
2025-03-14 13:36:17,716 - INFO - Bandwidth (Mbps): Min=405.83, Max=430.08, Avg=417.97, Std=7.20
