2025-03-14 16:20:34,054 - INFO - Starting client tests (UDP=True, Bitrate=900M)...
2025-03-14 16:20:34,054 - INFO - Test 1/10
2025-03-14 16:20:44,154 - INFO - Test 1 Bandwidth: 728.98 Mbps
2025-03-14 16:20:44,154 - INFO - Test 2/10
2025-03-14 16:20:54,218 - INFO - Test 2 Bandwidth: 746.85 Mbps
2025-03-14 16:20:54,219 - INFO - Test 3/10
2025-03-14 16:21:04,273 - INFO - Test 3 Bandwidth: 758.73 Mbps
2025-03-14 16:21:04,273 - INFO - Test 4/10
2025-03-14 16:21:14,320 - INFO - Test 4 Bandwidth: 774.75 Mbps
2025-03-14 16:21:14,320 - INFO - Test 5/10
2025-03-14 16:21:14,337 - ERROR - Test 5 failed: Command '['iperf3', '-c', '192.168.1.13', '-J', '-t', '10', '-i', '1', '-u', '-b', '900M']' returned non-zero exit status 1.
2025-03-14 16:21:14,337 - INFO - Test 6/10
2025-03-14 16:21:24,391 - INFO - Test 6 Bandwidth: 746.05 Mbps
2025-03-14 16:21:24,391 - INFO - Test 7/10
2025-03-14 16:21:34,446 - INFO - Test 7 Bandwidth: 772.52 Mbps
2025-03-14 16:21:34,446 - INFO - Test 8/10
2025-03-14 16:21:44,499 - INFO - Test 8 Bandwidth: 771.83 Mbps
2025-03-14 16:21:44,499 - INFO - Test 9/10
2025-03-14 16:21:44,512 - ERROR - Test 9 failed: Command '['iperf3', '-c', '192.168.1.13', '-J', '-t', '10', '-i', '1', '-u', '-b', '900M']' returned non-zero exit status 1.
2025-03-14 16:21:44,512 - INFO - Test 10/10
2025-03-14 16:21:54,569 - INFO - Test 10 Bandwidth: 784.03 Mbps
2025-03-14 16:21:54,569 - INFO - 
=== Statistics ===
2025-03-14 16:21:54,569 - INFO - Bandwidth (Mbps): Min=728.98, Max=784.03, Avg=760.47, Std=18.60
2025-03-14 16:21:54,569 - INFO - Jitter (ms): Avg=0.05
2025-03-14 16:21:54,569 - INFO - Packet Loss (%): Avg=0.01
