2025-03-14 15:01:24,977 - INFO - Starting client tests (UDP=False, Bitrate=10M)...
2025-03-14 15:01:24,977 - INFO - Test 1/10
2025-03-14 15:01:35,006 - INFO - Test 1 Bandwidth: 942.51 Mbps
2025-03-14 15:01:35,006 - INFO - Test 2/10
2025-03-14 15:01:45,027 - INFO - Test 2 Bandwidth: 938.43 Mbps
2025-03-14 15:01:45,028 - INFO - Test 3/10
2025-03-14 15:01:55,049 - INFO - Test 3 Bandwidth: 939.86 Mbps
2025-03-14 15:01:55,049 - INFO - Test 4/10
2025-03-14 15:02:05,070 - INFO - Test 4 Bandwidth: 939.25 Mbps
2025-03-14 15:02:05,070 - INFO - Test 5/10
2025-03-14 15:02:15,088 - INFO - Test 5 Bandwidth: 939.25 Mbps
2025-03-14 15:02:15,089 - INFO - Test 6/10
2025-03-14 15:02:25,108 - INFO - Test 6 Bandwidth: 938.85 Mbps
2025-03-14 15:02:25,108 - INFO - Test 7/10
2025-03-14 15:02:35,128 - INFO - Test 7 Bandwidth: 939.15 Mbps
2025-03-14 15:02:35,128 - INFO - Test 8/10
2025-03-14 15:02:45,148 - INFO - Test 8 Bandwidth: 938.63 Mbps
2025-03-14 15:02:45,148 - INFO - Test 9/10
2025-03-14 15:02:55,168 - INFO - Test 9 Bandwidth: 938.95 Mbps
2025-03-14 15:02:55,168 - INFO - Test 10/10
2025-03-14 15:03:05,195 - INFO - Test 10 Bandwidth: 938.23 Mbps
2025-03-14 15:03:05,195 - INFO - 
=== Statistics ===
2025-03-14 15:03:05,195 - INFO - Bandwidth (Mbps): Min=938.23, Max=942.51, Avg=939.31, Std=1.22
