2025-03-14 14:53:46,613 - INFO - Starting client tests (UDP=True, Bitrate=200M)...
2025-03-14 14:53:46,613 - INFO - Test 1/10
2025-03-14 14:53:56,948 - INFO - Test 1 Bandwidth: 199.97 Mbps
2025-03-14 14:53:56,948 - INFO - Test 2/10
2025-03-14 14:54:07,002 - INFO - Test 2 Bandwidth: 199.98 Mbps
2025-03-14 14:54:07,002 - INFO - Test 3/10
2025-03-14 14:54:17,055 - INFO - Test 3 Bandwidth: 199.98 Mbps
2025-03-14 14:54:17,055 - INFO - Test 4/10
2025-03-14 14:54:17,073 - ERROR - Test 4 failed: Command '['iperf3', '-c', '192.168.1.4', '-J', '-t', '10', '-i', '1', '-u', '-b', '200M']' returned non-zero exit status 1.
2025-03-14 14:54:17,074 - INFO - Test 5/10
2025-03-14 14:54:27,162 - INFO - Test 5 Bandwidth: 199.98 Mbps
2025-03-14 14:54:27,163 - INFO - Test 6/10
2025-03-14 14:54:37,259 - INFO - Test 6 Bandwidth: 199.97 Mbps
2025-03-14 14:54:37,259 - INFO - Test 7/10
2025-03-14 14:54:47,316 - INFO - Test 7 Bandwidth: 199.98 Mbps
2025-03-14 14:54:47,316 - INFO - Test 8/10
2025-03-14 14:54:57,377 - INFO - Test 8 Bandwidth: 199.98 Mbps
2025-03-14 14:54:57,377 - INFO - Test 9/10
2025-03-14 14:55:07,447 - INFO - Test 9 Bandwidth: 199.98 Mbps
2025-03-14 14:55:07,447 - INFO - Test 10/10
2025-03-14 14:55:07,490 - ERROR - Test 10 failed: Command '['iperf3', '-c', '192.168.1.4', '-J', '-t', '10', '-i', '1', '-u', '-b', '200M']' returned non-zero exit status 1.
2025-03-14 14:55:07,491 - INFO - 
=== Statistics ===
2025-03-14 14:55:07,491 - INFO - Bandwidth (Mbps): Min=199.97, Max=199.98, Avg=199.98, Std=0.00
2025-03-14 14:55:07,491 - INFO - Jitter (ms): Avg=0.06
2025-03-14 14:55:07,491 - INFO - Packet Loss (%): Avg=3.08
