2025-03-14 14:08:45,518 - INFO - Starting client tests (UDP=False, Bitrate=10M)...
2025-03-14 14:08:45,518 - INFO - Test 1/10
2025-03-14 14:08:55,942 - INFO - Test 1 Bandwidth: 473.81 Mbps
2025-03-14 14:08:55,942 - INFO - Test 2/10
2025-03-14 14:09:06,038 - INFO - Test 2 Bandwidth: 435.71 Mbps
2025-03-14 14:09:06,039 - INFO - Test 3/10
2025-03-14 14:09:16,130 - INFO - Test 3 Bandwidth: 443.38 Mbps
2025-03-14 14:09:16,130 - INFO - Test 4/10
2025-03-14 14:09:26,227 - INFO - Test 4 Bandwidth: 436.34 Mbps
2025-03-14 14:09:26,227 - INFO - Test 5/10
2025-03-14 14:09:36,326 - INFO - Test 5 Bandwidth: 453.96 Mbps
2025-03-14 14:09:36,327 - INFO - Test 6/10
2025-03-14 14:09:46,415 - INFO - Test 6 Bandwidth: 432.49 Mbps
2025-03-14 14:09:46,415 - INFO - Test 7/10
2025-03-14 14:09:56,508 - INFO - Test 7 Bandwidth: 414.87 Mbps
2025-03-14 14:09:56,508 - INFO - Test 8/10
2025-03-14 14:10:06,602 - INFO - Test 8 Bandwidth: 437.71 Mbps
2025-03-14 14:10:06,602 - INFO - Test 9/10
2025-03-14 14:10:16,703 - INFO - Test 9 Bandwidth: 444.92 Mbps
2025-03-14 14:10:16,704 - INFO - Test 10/10
2025-03-14 14:10:26,797 - INFO - Test 10 Bandwidth: 446.76 Mbps
2025-03-14 14:10:26,798 - INFO - 
=== Statistics ===
2025-03-14 14:10:26,798 - INFO - Bandwidth (Mbps): Min=414.87, Max=473.81, Avg=442.00, Std=15.29
