2025-03-14 13:11:22,642 - INFO - Starting client tests (UDP=False, Bitrate=10M)...
2025-03-14 13:11:22,643 - INFO - Test 1/10
2025-03-14 13:11:32,967 - INFO - Test 1 Bandwidth: 396.81 Mbps
2025-03-14 13:11:32,967 - INFO - Test 2/10
2025-03-14 13:11:43,064 - INFO - Test 2 Bandwidth: 430.98 Mbps
2025-03-14 13:11:43,064 - INFO - Test 3/10
2025-03-14 13:11:53,175 - INFO - Test 3 Bandwidth: 440.63 Mbps
2025-03-14 13:11:53,175 - INFO - Test 4/10
2025-03-14 13:12:03,278 - INFO - Test 4 Bandwidth: 371.84 Mbps
2025-03-14 13:12:03,278 - INFO - Test 5/10
2025-03-14 13:12:13,398 - INFO - Test 5 Bandwidth: 436.66 Mbps
2025-03-14 13:12:13,398 - INFO - Test 6/10
2025-03-14 13:12:23,496 - INFO - Test 6 Bandwidth: 433.43 Mbps
2025-03-14 13:12:23,496 - INFO - Test 7/10
2025-03-14 13:12:33,619 - INFO - Test 7 Bandwidth: 345.87 Mbps
2025-03-14 13:12:33,619 - INFO - Test 8/10
2025-03-14 13:12:43,726 - INFO - Test 8 Bandwidth: 387.80 Mbps
2025-03-14 13:12:43,726 - INFO - Test 9/10
2025-03-14 13:12:53,816 - INFO - Test 9 Bandwidth: 423.98 Mbps
2025-03-14 13:12:53,816 - INFO - Test 10/10
2025-03-14 13:13:03,916 - INFO - Test 10 Bandwidth: 441.47 Mbps
2025-03-14 13:13:03,917 - INFO - 
=== Statistics ===
2025-03-14 13:13:03,917 - INFO - Bandwidth (Mbps): Min=345.87, Max=441.47, Avg=410.95, Std=33.42
