2025-03-14 16:24:17,311 - INFO - Starting client tests (UDP=False, Bitrate=10M)...
2025-03-14 16:24:17,311 - INFO - Test 1/10
2025-03-14 16:24:27,473 - INFO - Test 1 Bandwidth: 243.76 Mbps
2025-03-14 16:24:27,473 - INFO - Test 2/10
2025-03-14 16:24:37,636 - INFO - Test 2 Bandwidth: 495.58 Mbps
2025-03-14 16:24:37,636 - INFO - Test 3/10
2025-03-14 16:24:47,792 - INFO - Test 3 Bandwidth: 516.98 Mbps
2025-03-14 16:24:47,792 - INFO - Test 4/10
2025-03-14 16:24:57,952 - INFO - Test 4 Bandwidth: 506.38 Mbps
2025-03-14 16:24:57,952 - INFO - Test 5/10
2025-03-14 16:25:08,099 - INFO - Test 5 Bandwidth: 528.76 Mbps
2025-03-14 16:25:08,099 - INFO - Test 6/10
2025-03-14 16:25:08,117 - ERROR - Test 6 failed: Command '['iperf3', '-c', '192.168.1.13', '-J', '-t', '10', '-i', '1']' returned non-zero exit status 1.
2025-03-14 16:25:08,117 - INFO - Test 7/10
2025-03-14 16:25:18,270 - INFO - Test 7 Bandwidth: 509.26 Mbps
2025-03-14 16:25:18,270 - INFO - Test 8/10
2025-03-14 16:25:18,308 - ERROR - Test 8 failed: Command '['iperf3', '-c', '192.168.1.13', '-J', '-t', '10', '-i', '1']' returned non-zero exit status 1.
2025-03-14 16:25:18,309 - INFO - Test 9/10
2025-03-14 16:25:28,465 - INFO - Test 9 Bandwidth: 455.01 Mbps
2025-03-14 16:25:28,465 - INFO - Test 10/10
2025-03-14 16:25:28,500 - ERROR - Test 10 failed: Command '['iperf3', '-c', '192.168.1.13', '-J', '-t', '10', '-i', '1']' returned non-zero exit status 1.
2025-03-14 16:25:28,500 - INFO - 
=== Statistics ===
2025-03-14 16:25:28,501 - INFO - Bandwidth (Mbps): Min=243.76, Max=528.76, Avg=465.10, Std=100.35
