2025-03-14 14:00:35,362 - INFO - Starting client tests (UDP=False, Bitrate=10M)...
2025-03-14 14:00:35,362 - INFO - Test 1/10
2025-03-14 14:00:45,631 - INFO - Test 1 Bandwidth: 448.60 Mbps
2025-03-14 14:00:45,631 - INFO - Test 2/10
2025-03-14 14:00:55,722 - INFO - Test 2 Bandwidth: 418.41 Mbps
2025-03-14 14:00:55,722 - INFO - Test 3/10
2025-03-14 14:01:05,824 - INFO - Test 3 Bandwidth: 424.73 Mbps
2025-03-14 14:01:05,824 - INFO - Test 4/10
2025-03-14 14:01:15,914 - INFO - Test 4 Bandwidth: 444.47 Mbps
2025-03-14 14:01:15,915 - INFO - Test 5/10
2025-03-14 14:01:25,991 - INFO - Test 5 Bandwidth: 446.39 Mbps
2025-03-14 14:01:25,991 - INFO - Test 6/10
2025-03-14 14:01:36,093 - INFO - Test 6 Bandwidth: 410.76 Mbps
2025-03-14 14:01:36,093 - INFO - Test 7/10
2025-03-14 14:01:46,203 - INFO - Test 7 Bandwidth: 359.71 Mbps
2025-03-14 14:01:46,203 - INFO - Test 8/10
2025-03-14 14:01:46,249 - ERROR - Test 8 failed: Command '['iperf3', '-c', '192.168.1.4', '-J', '-t', '10', '-i', '1']' returned non-zero exit status 1.
2025-03-14 14:01:46,250 - INFO - Test 9/10
2025-03-14 14:01:56,400 - INFO - Test 9 Bandwidth: 390.23 Mbps
2025-03-14 14:01:56,401 - INFO - Test 10/10
2025-03-14 14:02:06,490 - INFO - Test 10 Bandwidth: 456.27 Mbps
2025-03-14 14:02:06,500 - INFO - 
=== Statistics ===
2025-03-14 14:02:06,500 - INFO - Bandwidth (Mbps): Min=359.71, Max=456.27, Avg=422.17, Std=31.66
