2025-03-14 14:06:07,525 - INFO - Starting client tests (UDP=False, Bitrate=10M)...
2025-03-14 14:06:07,525 - INFO - Test 1/10
2025-03-14 14:06:18,334 - INFO - Test 1 Bandwidth: 441.08 Mbps
2025-03-14 14:06:18,334 - INFO - Test 2/10
2025-03-14 14:06:28,434 - INFO - Test 2 Bandwidth: 449.96 Mbps
2025-03-14 14:06:28,434 - INFO - Test 3/10
2025-03-14 14:06:38,517 - INFO - Test 3 Bandwidth: 455.73 Mbps
2025-03-14 14:06:38,517 - INFO - Test 4/10
2025-03-14 14:06:48,610 - INFO - Test 4 Bandwidth: 449.13 Mbps
2025-03-14 14:06:48,610 - INFO - Test 5/10
2025-03-14 14:06:58,709 - INFO - Test 5 Bandwidth: 443.05 Mbps
2025-03-14 14:06:58,709 - INFO - Test 6/10
2025-03-14 14:07:08,811 - INFO - Test 6 Bandwidth: 442.65 Mbps
2025-03-14 14:07:08,811 - INFO - Test 7/10
2025-03-14 14:07:18,910 - INFO - Test 7 Bandwidth: 431.62 Mbps
2025-03-14 14:07:18,910 - INFO - Test 8/10
2025-03-14 14:07:29,005 - INFO - Test 8 Bandwidth: 436.58 Mbps
2025-03-14 14:07:29,005 - INFO - Test 9/10
2025-03-14 14:07:39,093 - INFO - Test 9 Bandwidth: 425.54 Mbps
2025-03-14 14:07:39,093 - INFO - Test 10/10
2025-03-14 14:07:49,196 - INFO - Test 10 Bandwidth: 446.44 Mbps
2025-03-14 14:07:49,196 - INFO - 
=== Statistics ===
2025-03-14 14:07:49,196 - INFO - Bandwidth (Mbps): Min=425.54, Max=455.73, Avg=442.18, Std=9.02
