2025-03-14 13:49:27,449 - INFO - Starting client tests (UDP=False, Bitrate=10M)...
2025-03-14 13:49:27,449 - INFO - Test 1/10
2025-03-14 13:49:38,200 - INFO - Test 1 Bandwidth: 414.37 Mbps
2025-03-14 13:49:38,200 - INFO - Test 2/10
2025-03-14 13:49:48,525 - INFO - Test 2 Bandwidth: 429.89 Mbps
2025-03-14 13:49:48,525 - INFO - Test 3/10
2025-03-14 13:49:58,620 - INFO - Test 3 Bandwidth: 447.80 Mbps
2025-03-14 13:49:58,621 - INFO - Test 4/10
2025-03-14 13:50:08,718 - INFO - Test 4 Bandwidth: 413.07 Mbps
2025-03-14 13:50:08,719 - INFO - Test 5/10
2025-03-14 13:50:18,826 - INFO - Test 5 Bandwidth: 421.87 Mbps
2025-03-14 13:50:18,826 - INFO - Test 6/10
2025-03-14 13:50:28,932 - INFO - Test 6 Bandwidth: 432.68 Mbps
2025-03-14 13:50:28,932 - INFO - Test 7/10
2025-03-14 13:50:39,020 - INFO - Test 7 Bandwidth: 442.56 Mbps
2025-03-14 13:50:39,020 - INFO - Test 8/10
2025-03-14 13:50:49,120 - INFO - Test 8 Bandwidth: 431.14 Mbps
2025-03-14 13:50:49,120 - INFO - Test 9/10
2025-03-14 13:50:59,214 - INFO - Test 9 Bandwidth: 428.79 Mbps
2025-03-14 13:50:59,214 - INFO - Test 10/10
2025-03-14 13:51:09,313 - INFO - Test 10 Bandwidth: 420.91 Mbps
2025-03-14 13:51:09,314 - INFO - 
=== Statistics ===
2025-03-14 13:51:09,314 - INFO - Bandwidth (Mbps): Min=413.07, Max=447.80, Avg=428.31, Std=11.24
