2025-03-14 13:39:47,280 - INFO - Starting client tests (UDP=False, Bitrate=10M)...
2025-03-14 13:39:47,280 - INFO - Test 1/10
2025-03-14 13:39:57,947 - INFO - Test 1 Bandwidth: 447.25 Mbps
2025-03-14 13:39:57,947 - INFO - Test 2/10
2025-03-14 13:40:08,042 - INFO - Test 2 Bandwidth: 437.31 Mbps
2025-03-14 13:40:08,042 - INFO - Test 3/10
2025-03-14 13:40:18,136 - INFO - Test 3 Bandwidth: 436.79 Mbps
2025-03-14 13:40:18,136 - INFO - Test 4/10
2025-03-14 13:40:28,228 - INFO - Test 4 Bandwidth: 422.07 Mbps
2025-03-14 13:40:28,228 - INFO - Test 5/10
2025-03-14 13:40:38,342 - INFO - Test 5 Bandwidth: 444.00 Mbps
2025-03-14 13:40:38,342 - INFO - Test 6/10
2025-03-14 13:40:48,439 - INFO - Test 6 Bandwidth: 421.94 Mbps
2025-03-14 13:40:48,439 - INFO - Test 7/10
2025-03-14 13:40:48,454 - ERROR - Test 7 failed: Command '['iperf3', '-c', '192.168.1.4', '-J', '-t', '10', '-i', '1']' returned non-zero exit status 1.
2025-03-14 13:40:48,454 - INFO - Test 8/10
2025-03-14 13:40:58,779 - INFO - Test 8 Bandwidth: 428.26 Mbps
2025-03-14 13:40:58,779 - INFO - Test 9/10
2025-03-14 13:41:08,871 - INFO - Test 9 Bandwidth: 402.06 Mbps
2025-03-14 13:41:08,871 - INFO - Test 10/10
2025-03-14 13:41:18,970 - INFO - Test 10 Bandwidth: 422.19 Mbps
2025-03-14 13:41:18,971 - INFO - 
=== Statistics ===
2025-03-14 13:41:18,971 - INFO - Bandwidth (Mbps): Min=402.06, Max=447.25, Avg=429.10, Std=13.96
